<?xml version="1.0" encoding="UTF-8"?>
<testng-results ignored="0" total="1" passed="1" failed="0" skipped="0">
  <reporter-output>
  </reporter-output>
  <suite started-at="2022-08-19T16:51:41 IST" name="Suite" finished-at="2022-08-19T16:51:43 IST" duration-ms="2621">
    <groups>
    </groups>
    <test started-at="2022-08-19T16:51:41 IST" name="Test" finished-at="2022-08-19T16:51:43 IST" duration-ms="2621">
      <class name="Mypack.LaunchURL">
        <test-method signature="launch()[pri:0, instance:Mypack.LaunchURL@459e9125]" started-at="2022-08-19T16:51:41 IST" name="launch" finished-at="2022-08-19T16:51:43 IST" duration-ms="2599" status="PASS">
          <reporter-output>
          </reporter-output>
        </test-method> <!-- launch -->
      </class> <!-- Mypack.LaunchURL -->
    </test> <!-- Test -->
  </suite> <!-- Suite -->
</testng-results>
