<?xml version="1.0" encoding="UTF-8"?>
<testng-results ignored="0" total="1" passed="1" failed="0" skipped="0">
  <reporter-output>
  </reporter-output>
  <suite started-at="2022-08-19T16:44:34 IST" name="Default suite" finished-at="2022-08-19T16:44:36 IST" duration-ms="2661">
    <groups>
    </groups>
    <test started-at="2022-08-19T16:44:34 IST" name="Default test" finished-at="2022-08-19T16:44:36 IST" duration-ms="2661">
      <class name="Mypack.LaunchURL">
        <test-method signature="launch()[pri:0, instance:Mypack.LaunchURL@1649b0e6]" started-at="2022-08-19T16:44:34 IST" name="launch" finished-at="2022-08-19T16:44:36 IST" duration-ms="2633" status="PASS">
          <reporter-output>
          </reporter-output>
        </test-method> <!-- launch -->
      </class> <!-- Mypack.LaunchURL -->
    </test> <!-- Default test -->
  </suite> <!-- Default suite -->
</testng-results>
